build/app/intermediates/manifest_merge_blame_file/debug/manifest-merger-blame-debug-report.txt
1<?xml version="1.0" encoding="utf-8"?>
2<manifest xmlns:android="http://schemas.android.com/apk/res/android"
3    package="com.example.birds_museum"
4    android:versionCode="1"
5    android:versionName="1.0.0" >
6
7    <uses-sdk
8        android:minSdkVersion="19"
9        android:targetSdkVersion="31" />
10    <!--
11         The INTERNET permission is required for development. Specifically,
12         the Flutter tool needs it to communicate with the running application
13         to allow setting breakpoints, to provide hot reload, etc.
14    -->
15    <uses-permission android:name="android.permission.INTERNET" />
15-->src\debug\AndroidManifest.xml:7:5-66
15-->src\debug\AndroidManifest.xml:7:22-64
16    <uses-permission android:name="android.permission.RECORD_AUDIO" /> <!-- Optional, you'll have to check this permission by yourself. -->
16-->src\main\AndroidManifest.xml:3:5-71
16-->src\main\AndroidManifest.xml:3:22-68
17    <uses-permission android:name="android.permission.WRITE_EXTERNAL_STORAGE" />
17-->src\main\AndroidManifest.xml:5:1-77
17-->src\main\AndroidManifest.xml:5:18-74
18    <uses-permission android:name="android.permission.STORAGE" />
18-->src\main\AndroidManifest.xml:6:1-61
18-->src\main\AndroidManifest.xml:6:18-59
19    <uses-permission android:name="android.permission.ACCESS_MEDIA_LOCATION" />
19-->src\main\AndroidManifest.xml:7:1-75
19-->src\main\AndroidManifest.xml:7:18-73
20
21    <queries>
21-->src\main\AndroidManifest.xml:41:5-47:11
22
23        <!-- If your app opens https URLs -->
24        <intent>
24-->src\main\AndroidManifest.xml:43:3-46:12
25            <action android:name="android.intent.action.VIEW" />
25-->src\main\AndroidManifest.xml:44:5-57
25-->src\main\AndroidManifest.xml:44:13-54
26
27            <data android:scheme="https" />
27-->src\main\AndroidManifest.xml:45:5-36
27-->src\main\AndroidManifest.xml:45:11-33
28        </intent>
29        <intent>
29-->[:twitter_login] AndroidManifest.xml:10:9-12:18
30            <action android:name="android.support.customtabs.action.CustomTabsService" />
30-->[:twitter_login] AndroidManifest.xml:11:13-90
30-->[:twitter_login] AndroidManifest.xml:11:21-87
31        </intent>
32
33        <package android:name="com.facebook.katana" />
33-->[com.facebook.android:facebook-common:14.1.1] AndroidManifest.xml:30:9-55
33-->[com.facebook.android:facebook-common:14.1.1] AndroidManifest.xml:30:18-52
34    </queries>
35
36    <uses-permission android:name="android.permission.ACCESS_NETWORK_STATE" />
36-->[com.google.firebase:firebase-auth:21.1.0] AndroidManifest.xml:24:5-79
36-->[com.google.firebase:firebase-auth:21.1.0] AndroidManifest.xml:24:22-76
37    <uses-permission android:name="com.google.android.gms.permission.AD_ID" />
37-->[com.facebook.android:facebook-core:14.1.1] AndroidManifest.xml:28:5-79
37-->[com.facebook.android:facebook-core:14.1.1] AndroidManifest.xml:28:22-76
38    <uses-permission android:name="com.google.android.finsky.permission.BIND_GET_INSTALL_REFERRER_SERVICE" />
38-->[com.android.installreferrer:installreferrer:1.0] AndroidManifest.xml:9:5-110
38-->[com.android.installreferrer:installreferrer:1.0] AndroidManifest.xml:9:22-107
39
40    <application
41        android:name="android.app.Application"
42        android:appComponentFactory="androidx.core.app.CoreComponentFactory"
42-->[androidx.core:core:1.6.0] AndroidManifest.xml:24:18-86
43        android:debuggable="true"
44        android:icon="@mipmap/ic_launcher"
45        android:label="MusicFindApp"
46        android:requestLegacyExternalStorage="true"
47        android:supportsRtl="true"
47-->[com.facebook.android:facebook-login:14.1.1] AndroidManifest.xml:28:18-44
48        android:usesCleartextTraffic="true" >
49        <activity
50            android:name="com.example.birds_museum.MainActivity"
51            android:configChanges="orientation|keyboardHidden|keyboard|screenSize|smallestScreenSize|locale|layoutDirection|fontScale|screenLayout|density|uiMode"
52            android:exported="true"
53            android:hardwareAccelerated="true"
54            android:launchMode="singleTop"
55            android:theme="@style/LaunchTheme"
56            android:windowSoftInputMode="adjustResize" >
57
58            <!--
59                 Specifies an Android theme to apply to this Activity as soon as
60                 the Android process has started. This theme is visible to the user
61                 while the Flutter UI initializes. After that, this theme continues
62                 to determine the Window background behind the Flutter UI.
63            -->
64            <meta-data
65                android:name="io.flutter.embedding.android.NormalTheme"
66                android:resource="@style/NormalTheme" />
67
68            <intent-filter>
69                <action android:name="android.intent.action.MAIN" />
70
71                <category android:name="android.intent.category.LAUNCHER" />
72            </intent-filter>
73        </activity>
74        <!--
75             Don't delete the meta-data below.
76             This is used by the Flutter tool to generate GeneratedPluginRegistrant.java
77        -->
78        <meta-data
79            android:name="flutterEmbedding"
80            android:value="2" />
81
82        <service
82-->[:firebase_database] AndroidManifest.xml:10:9-14:19
83            android:name="com.google.firebase.components.ComponentDiscoveryService"
83-->[:firebase_database] AndroidManifest.xml:10:18-89
84            android:directBootAware="true"
84-->[com.google.firebase:firebase-common:20.2.0] AndroidManifest.xml:34:13-43
85            android:exported="false" >
85-->[com.google.firebase:firebase-auth:21.1.0] AndroidManifest.xml:66:13-37
86            <meta-data
86-->[:firebase_database] AndroidManifest.xml:11:13-13:85
87                android:name="com.google.firebase.components:io.flutter.plugins.firebase.database.FlutterFirebaseAppRegistrar"
87-->[:firebase_database] AndroidManifest.xml:12:17-127
88                android:value="com.google.firebase.components.ComponentRegistrar" />
88-->[:firebase_database] AndroidManifest.xml:13:17-82
89            <meta-data
89-->[:cloud_firestore] AndroidManifest.xml:11:13-13:85
90                android:name="com.google.firebase.components:io.flutter.plugins.firebase.firestore.FlutterFirebaseFirestoreRegistrar"
90-->[:cloud_firestore] AndroidManifest.xml:12:17-134
91                android:value="com.google.firebase.components.ComponentRegistrar" />
91-->[:cloud_firestore] AndroidManifest.xml:13:17-82
92            <meta-data
92-->[:firebase_dynamic_links] AndroidManifest.xml:13:13-15:85
93                android:name="com.google.firebase.components:io.flutter.plugins.firebase.dynamiclinks.FlutterFirebaseAppRegistrar"
93-->[:firebase_dynamic_links] AndroidManifest.xml:14:17-131
94                android:value="com.google.firebase.components.ComponentRegistrar" />
94-->[:firebase_dynamic_links] AndroidManifest.xml:15:17-82
95            <meta-data
95-->[:firebase_auth] AndroidManifest.xml:11:13-13:85
96                android:name="com.google.firebase.components:io.flutter.plugins.firebase.auth.FlutterFirebaseAuthRegistrar"
96-->[:firebase_auth] AndroidManifest.xml:12:17-124
97                android:value="com.google.firebase.components.ComponentRegistrar" />
97-->[:firebase_auth] AndroidManifest.xml:13:17-82
98            <meta-data
98-->[:firebase_storage] AndroidManifest.xml:11:13-13:85
99                android:name="com.google.firebase.components:io.flutter.plugins.firebase.storage.FlutterFirebaseAppRegistrar"
99-->[:firebase_storage] AndroidManifest.xml:12:17-126
100                android:value="com.google.firebase.components.ComponentRegistrar" />
100-->[:firebase_storage] AndroidManifest.xml:13:17-82
101            <meta-data
101-->[:firebase_core] AndroidManifest.xml:11:13-13:85
102                android:name="com.google.firebase.components:io.flutter.plugins.firebase.core.FlutterFirebaseCoreRegistrar"
102-->[:firebase_core] AndroidManifest.xml:12:17-124
103                android:value="com.google.firebase.components.ComponentRegistrar" />
103-->[:firebase_core] AndroidManifest.xml:13:17-82
104            <meta-data
104-->[com.google.firebase:firebase-auth:21.1.0] AndroidManifest.xml:67:13-69:85
105                android:name="com.google.firebase.components:com.google.firebase.auth.FirebaseAuthRegistrar"
105-->[com.google.firebase:firebase-auth:21.1.0] AndroidManifest.xml:68:17-109
106                android:value="com.google.firebase.components.ComponentRegistrar" />
106-->[com.google.firebase:firebase-auth:21.1.0] AndroidManifest.xml:69:17-82
107            <meta-data
107-->[com.google.firebase:firebase-firestore:24.4.0] AndroidManifest.xml:19:13-21:85
108                android:name="com.google.firebase.components:com.google.firebase.firestore.FirestoreRegistrar"
108-->[com.google.firebase:firebase-firestore:24.4.0] AndroidManifest.xml:20:17-111
109                android:value="com.google.firebase.components.ComponentRegistrar" />
109-->[com.google.firebase:firebase-firestore:24.4.0] AndroidManifest.xml:21:17-82
110            <meta-data
110-->[com.google.firebase:firebase-dynamic-links:21.1.0] AndroidManifest.xml:26:13-28:85
111                android:name="com.google.firebase.components:com.google.firebase.dynamiclinks.internal.FirebaseDynamicLinkRegistrar"
111-->[com.google.firebase:firebase-dynamic-links:21.1.0] AndroidManifest.xml:27:17-133
112                android:value="com.google.firebase.components.ComponentRegistrar" />
112-->[com.google.firebase:firebase-dynamic-links:21.1.0] AndroidManifest.xml:28:17-82
113            <meta-data
113-->[com.google.firebase:firebase-storage:20.1.0] AndroidManifest.xml:32:13-34:85
114                android:name="com.google.firebase.components:com.google.firebase.storage.StorageRegistrar"
114-->[com.google.firebase:firebase-storage:20.1.0] AndroidManifest.xml:33:17-107
115                android:value="com.google.firebase.components.ComponentRegistrar" />
115-->[com.google.firebase:firebase-storage:20.1.0] AndroidManifest.xml:34:17-82
116            <meta-data
116-->[com.google.firebase:firebase-database:20.1.0] AndroidManifest.xml:31:13-33:85
117                android:name="com.google.firebase.components:com.google.firebase.database.DatabaseRegistrar"
117-->[com.google.firebase:firebase-database:20.1.0] AndroidManifest.xml:32:17-109
118                android:value="com.google.firebase.components.ComponentRegistrar" />
118-->[com.google.firebase:firebase-database:20.1.0] AndroidManifest.xml:33:17-82
119        </service>
120
121        <activity
121-->[:url_launcher_android] AndroidManifest.xml:10:9-13:74
122            android:name="io.flutter.plugins.urllauncher.WebViewActivity"
122-->[:url_launcher_android] AndroidManifest.xml:11:13-74
123            android:exported="false"
123-->[:url_launcher_android] AndroidManifest.xml:12:13-37
124            android:theme="@android:style/Theme.NoTitleBar.Fullscreen" />
124-->[:url_launcher_android] AndroidManifest.xml:13:13-71
125        <activity android:name="com.maru.twitter_login.chrome_custom_tabs.ChromeCustomTabsActivity" />
125-->[:twitter_login] AndroidManifest.xml:16:9-103
125-->[:twitter_login] AndroidManifest.xml:16:19-100
126
127        <uses-library
127-->[androidx.window:window:1.0.0-beta04] AndroidManifest.xml:25:9-27:40
128            android:name="androidx.window.extensions"
128-->[androidx.window:window:1.0.0-beta04] AndroidManifest.xml:26:13-54
129            android:required="false" />
129-->[androidx.window:window:1.0.0-beta04] AndroidManifest.xml:27:13-37
130        <uses-library
130-->[androidx.window:window:1.0.0-beta04] AndroidManifest.xml:28:9-30:40
131            android:name="androidx.window.sidecar"
131-->[androidx.window:window:1.0.0-beta04] AndroidManifest.xml:29:13-51
132            android:required="false" />
132-->[androidx.window:window:1.0.0-beta04] AndroidManifest.xml:30:13-37
133
134        <activity
134-->[com.google.firebase:firebase-auth:21.1.0] AndroidManifest.xml:27:9-44:20
135            android:name="com.google.firebase.auth.internal.GenericIdpActivity"
135-->[com.google.firebase:firebase-auth:21.1.0] AndroidManifest.xml:28:13-80
136            android:excludeFromRecents="true"
136-->[com.google.firebase:firebase-auth:21.1.0] AndroidManifest.xml:29:13-46
137            android:exported="true"
137-->[com.google.firebase:firebase-auth:21.1.0] AndroidManifest.xml:30:13-36
138            android:launchMode="singleTask"
138-->[com.google.firebase:firebase-auth:21.1.0] AndroidManifest.xml:31:13-44
139            android:theme="@android:style/Theme.Translucent.NoTitleBar" >
139-->[com.google.firebase:firebase-auth:21.1.0] AndroidManifest.xml:32:13-72
140            <intent-filter>
140-->[com.google.firebase:firebase-auth:21.1.0] AndroidManifest.xml:33:13-43:29
141                <action android:name="android.intent.action.VIEW" />
141-->src\main\AndroidManifest.xml:44:5-57
141-->src\main\AndroidManifest.xml:44:13-54
142
143                <category android:name="android.intent.category.DEFAULT" />
143-->[com.google.firebase:firebase-auth:21.1.0] AndroidManifest.xml:36:17-76
143-->[com.google.firebase:firebase-auth:21.1.0] AndroidManifest.xml:36:27-73
144                <category android:name="android.intent.category.BROWSABLE" />
144-->[com.google.firebase:firebase-auth:21.1.0] AndroidManifest.xml:37:17-78
144-->[com.google.firebase:firebase-auth:21.1.0] AndroidManifest.xml:37:27-75
145
146                <data
146-->src\main\AndroidManifest.xml:45:5-36
147                    android:host="firebase.auth"
148                    android:path="/"
149                    android:scheme="genericidp" />
149-->src\main\AndroidManifest.xml:45:11-33
150            </intent-filter>
151        </activity>
152        <activity
152-->[com.google.firebase:firebase-auth:21.1.0] AndroidManifest.xml:45:9-62:20
153            android:name="com.google.firebase.auth.internal.RecaptchaActivity"
153-->[com.google.firebase:firebase-auth:21.1.0] AndroidManifest.xml:46:13-79
154            android:excludeFromRecents="true"
154-->[com.google.firebase:firebase-auth:21.1.0] AndroidManifest.xml:47:13-46
155            android:exported="true"
155-->[com.google.firebase:firebase-auth:21.1.0] AndroidManifest.xml:48:13-36
156            android:launchMode="singleTask"
156-->[com.google.firebase:firebase-auth:21.1.0] AndroidManifest.xml:49:13-44
157            android:theme="@android:style/Theme.Translucent.NoTitleBar" >
157-->[com.google.firebase:firebase-auth:21.1.0] AndroidManifest.xml:50:13-72
158            <intent-filter>
158-->[com.google.firebase:firebase-auth:21.1.0] AndroidManifest.xml:51:13-61:29
159                <action android:name="android.intent.action.VIEW" />
159-->src\main\AndroidManifest.xml:44:5-57
159-->src\main\AndroidManifest.xml:44:13-54
160
161                <category android:name="android.intent.category.DEFAULT" />
161-->[com.google.firebase:firebase-auth:21.1.0] AndroidManifest.xml:36:17-76
161-->[com.google.firebase:firebase-auth:21.1.0] AndroidManifest.xml:36:27-73
162                <category android:name="android.intent.category.BROWSABLE" />
162-->[com.google.firebase:firebase-auth:21.1.0] AndroidManifest.xml:37:17-78
162-->[com.google.firebase:firebase-auth:21.1.0] AndroidManifest.xml:37:27-75
163
164                <data
164-->src\main\AndroidManifest.xml:45:5-36
165                    android:host="firebase.auth"
166                    android:path="/"
167                    android:scheme="recaptcha" />
167-->src\main\AndroidManifest.xml:45:11-33
168            </intent-filter>
169        </activity>
170        <activity
170-->[com.facebook.android:facebook-common:14.1.1] AndroidManifest.xml:34:9-37:66
171            android:name="com.facebook.FacebookActivity"
171-->[com.facebook.android:facebook-common:14.1.1] AndroidManifest.xml:35:13-57
172            android:configChanges="keyboard|keyboardHidden|screenLayout|screenSize|orientation"
172-->[com.facebook.android:facebook-common:14.1.1] AndroidManifest.xml:36:13-96
173            android:theme="@style/com_facebook_activity_theme" />
173-->[com.facebook.android:facebook-common:14.1.1] AndroidManifest.xml:37:13-63
174        <activity android:name="com.facebook.CustomTabMainActivity" />
174-->[com.facebook.android:facebook-common:14.1.1] AndroidManifest.xml:38:9-71
174-->[com.facebook.android:facebook-common:14.1.1] AndroidManifest.xml:38:19-68
175        <activity
175-->[com.facebook.android:facebook-common:14.1.1] AndroidManifest.xml:39:9-53:20
176            android:name="com.facebook.CustomTabActivity"
176-->[com.facebook.android:facebook-common:14.1.1] AndroidManifest.xml:40:13-58
177            android:exported="true" >
177-->[com.facebook.android:facebook-common:14.1.1] AndroidManifest.xml:41:13-36
178            <intent-filter>
178-->[com.facebook.android:facebook-common:14.1.1] AndroidManifest.xml:43:13-52:29
179                <action android:name="android.intent.action.VIEW" />
179-->src\main\AndroidManifest.xml:44:5-57
179-->src\main\AndroidManifest.xml:44:13-54
180
181                <category android:name="android.intent.category.DEFAULT" />
181-->[com.google.firebase:firebase-auth:21.1.0] AndroidManifest.xml:36:17-76
181-->[com.google.firebase:firebase-auth:21.1.0] AndroidManifest.xml:36:27-73
182                <category android:name="android.intent.category.BROWSABLE" />
182-->[com.google.firebase:firebase-auth:21.1.0] AndroidManifest.xml:37:17-78
182-->[com.google.firebase:firebase-auth:21.1.0] AndroidManifest.xml:37:27-75
183
184                <data
184-->src\main\AndroidManifest.xml:45:5-36
185                    android:host="cct.com.example.birds_museum"
186                    android:scheme="fbconnect" />
186-->src\main\AndroidManifest.xml:45:11-33
187            </intent-filter>
188        </activity>
189
190        <provider
190-->[com.google.firebase:firebase-common:20.2.0] AndroidManifest.xml:25:9-30:39
191            android:name="com.google.firebase.provider.FirebaseInitProvider"
191-->[com.google.firebase:firebase-common:20.2.0] AndroidManifest.xml:26:13-77
192            android:authorities="com.example.birds_museum.firebaseinitprovider"
192-->[com.google.firebase:firebase-common:20.2.0] AndroidManifest.xml:27:13-72
193            android:directBootAware="true"
193-->[com.google.firebase:firebase-common:20.2.0] AndroidManifest.xml:28:13-43
194            android:exported="false"
194-->[com.google.firebase:firebase-common:20.2.0] AndroidManifest.xml:29:13-37
195            android:initOrder="100" />
195-->[com.google.firebase:firebase-common:20.2.0] AndroidManifest.xml:30:13-36
196
197        <activity
197-->[com.google.android.gms:play-services-auth:20.0.1] AndroidManifest.xml:23:9-27:75
198            android:name="com.google.android.gms.auth.api.signin.internal.SignInHubActivity"
198-->[com.google.android.gms:play-services-auth:20.0.1] AndroidManifest.xml:24:13-93
199            android:excludeFromRecents="true"
199-->[com.google.android.gms:play-services-auth:20.0.1] AndroidManifest.xml:25:13-46
200            android:exported="false"
200-->[com.google.android.gms:play-services-auth:20.0.1] AndroidManifest.xml:26:13-37
201            android:theme="@android:style/Theme.Translucent.NoTitleBar" />
201-->[com.google.android.gms:play-services-auth:20.0.1] AndroidManifest.xml:27:13-72
202        <!--
203            Service handling Google Sign-In user revocation. For apps that do not integrate with
204            Google Sign-In, this service will never be started.
205        -->
206        <service
206-->[com.google.android.gms:play-services-auth:20.0.1] AndroidManifest.xml:33:9-37:51
207            android:name="com.google.android.gms.auth.api.signin.RevocationBoundService"
207-->[com.google.android.gms:play-services-auth:20.0.1] AndroidManifest.xml:34:13-89
208            android:exported="true"
208-->[com.google.android.gms:play-services-auth:20.0.1] AndroidManifest.xml:35:13-36
209            android:permission="com.google.android.gms.auth.api.signin.permission.REVOCATION_NOTIFICATION"
209-->[com.google.android.gms:play-services-auth:20.0.1] AndroidManifest.xml:36:13-107
210            android:visibleToInstantApps="true" />
210-->[com.google.android.gms:play-services-auth:20.0.1] AndroidManifest.xml:37:13-48
211
212        <activity
212-->[com.google.android.gms:play-services-base:18.0.1] AndroidManifest.xml:20:9-22:45
213            android:name="com.google.android.gms.common.api.GoogleApiActivity"
213-->[com.google.android.gms:play-services-base:18.0.1] AndroidManifest.xml:20:19-85
214            android:exported="false"
214-->[com.google.android.gms:play-services-base:18.0.1] AndroidManifest.xml:22:19-43
215            android:theme="@android:style/Theme.Translucent.NoTitleBar" />
215-->[com.google.android.gms:play-services-base:18.0.1] AndroidManifest.xml:21:19-78
216
217        <meta-data
217-->[com.google.android.gms:play-services-basement:18.1.0] AndroidManifest.xml:21:9-23:69
218            android:name="com.google.android.gms.version"
218-->[com.google.android.gms:play-services-basement:18.1.0] AndroidManifest.xml:22:13-58
219            android:value="@integer/google_play_services_version" />
219-->[com.google.android.gms:play-services-basement:18.1.0] AndroidManifest.xml:23:13-66
220        <!--
221         The initialization ContentProvider will call FacebookSdk.sdkInitialize automatically
222         with the application context. This config is merged in with the host app's manifest,
223         but there can only be one provider with the same authority activated at any given
224         point; so if the end user has two or more different apps that use Facebook SDK, only the
225         first one will be able to use the provider. To work around this problem, we use the
226         following placeholder in the authority to identify each host application as if it was
227         a completely different provider.
228        -->
229        <provider
229-->[com.facebook.android:facebook-core:14.1.1] AndroidManifest.xml:41:9-44:40
230            android:name="com.facebook.internal.FacebookInitProvider"
230-->[com.facebook.android:facebook-core:14.1.1] AndroidManifest.xml:42:13-70
231            android:authorities="com.example.birds_museum.FacebookInitProvider"
231-->[com.facebook.android:facebook-core:14.1.1] AndroidManifest.xml:43:13-72
232            android:exported="false" />
232-->[com.facebook.android:facebook-core:14.1.1] AndroidManifest.xml:44:13-37
233
234        <receiver
234-->[com.facebook.android:facebook-core:14.1.1] AndroidManifest.xml:46:9-52:20
235            android:name="com.facebook.CurrentAccessTokenExpirationBroadcastReceiver"
235-->[com.facebook.android:facebook-core:14.1.1] AndroidManifest.xml:47:13-86
236            android:exported="false" >
236-->[com.facebook.android:facebook-core:14.1.1] AndroidManifest.xml:48:13-37
237            <intent-filter>
237-->[com.facebook.android:facebook-core:14.1.1] AndroidManifest.xml:49:13-51:29
238                <action android:name="com.facebook.sdk.ACTION_CURRENT_ACCESS_TOKEN_CHANGED" />
238-->[com.facebook.android:facebook-core:14.1.1] AndroidManifest.xml:50:17-95
238-->[com.facebook.android:facebook-core:14.1.1] AndroidManifest.xml:50:25-92
239            </intent-filter>
240        </receiver>
241        <receiver
241-->[com.facebook.android:facebook-core:14.1.1] AndroidManifest.xml:53:9-59:20
242            android:name="com.facebook.AuthenticationTokenManager$CurrentAuthenticationTokenChangedBroadcastReceiver"
242-->[com.facebook.android:facebook-core:14.1.1] AndroidManifest.xml:54:13-118
243            android:exported="false" >
243-->[com.facebook.android:facebook-core:14.1.1] AndroidManifest.xml:55:13-37
244            <intent-filter>
244-->[com.facebook.android:facebook-core:14.1.1] AndroidManifest.xml:56:13-58:29
245                <action android:name="com.facebook.sdk.ACTION_CURRENT_AUTHENTICATION_TOKEN_CHANGED" />
245-->[com.facebook.android:facebook-core:14.1.1] AndroidManifest.xml:57:17-103
245-->[com.facebook.android:facebook-core:14.1.1] AndroidManifest.xml:57:25-100
246            </intent-filter>
247        </receiver>
248    </application>
249
250</manifest>